<?xml version="1.0" encoding="UTF-8"?>
<!-- Generated by org.testng.reporters.JUnitReportReporter -->
<testsuite hostname="DESKTOP-PU9SV1T" failures="0" tests="3" name="hemsecri.api.automation.getSecurityInformation" time="2.257" errors="0" timestamp="2022-04-22T12:36:33 IST" skipped="2">
  <testcase classname="hemsecri.api.automation.getSecurityInformation" name="getSecurityInformation2" time="2.257"/>
  <system-out/>
  <testcase classname="hemsecri.api.automation.getSecurityInformation" name="getSecurityInformation">
    <skipped/>
  </testcase> <!-- getSecurityInformation -->
  <system-out/>
  <testcase classname="hemsecri.api.automation.getSecurityInformation" name="getSecurityInformation1">
    <skipped/>
  </testcase> <!-- getSecurityInformation1 -->
  <system-out/>
</testsuite> <!-- hemsecri.api.automation.getSecurityInformation -->
